<?xml version="1.0" encoding="UTF-8"?>
<robot generator="Robot 5.0.1 (Python 3.8.10 on linux)" generated="20220917 11:47:57.697" rpa="false" schemaversion="3">
<suite id="s1" name="Login Test" source="/home/kay/Desktop/projects/python_selenium_robotfw/TestCases/login_test.robot">
<test id="s1-t1" name="LoginTest" line="10">
<kw name="Open Browser" library="SeleniumLibrary">
<arg>${url}</arg>
<arg>${browser}</arg>
<doc>Opens a new browser instance to the optional ``url``.</doc>
<msg timestamp="20220917 11:47:57.804" level="INFO">Opening browser 'Chrome' to base url 'https://saucedemo.com'.</msg>
<status status="PASS" starttime="20220917 11:47:57.804" endtime="20220917 11:47:59.409"/>
</kw>
<kw name="Input Text" library="SeleniumLibrary">
<arg>id:user-name</arg>
<arg>standard_user</arg>
<doc>Types the given ``text`` into the text field identified by ``locator``.</doc>
<msg timestamp="20220917 11:47:59.413" level="INFO">Typing text 'standard_user' into text field 'id:user-name'.</msg>
<status status="PASS" starttime="20220917 11:47:59.411" endtime="20220917 11:47:59.556"/>
</kw>
<kw name="Input Password" library="SeleniumLibrary">
<arg>id:password</arg>
<arg>secret_sauce</arg>
<doc>Types the given password into the text field identified by ``locator``.</doc>
<msg timestamp="20220917 11:47:59.557" level="INFO">Typing password into text field 'id:password'.</msg>
<msg timestamp="20220917 11:47:59.589" level="INFO">Temporally setting log level to: NONE</msg>
<msg timestamp="20220917 11:47:59.621" level="INFO">Log level changed from NONE to INFO.</msg>
<status status="PASS" starttime="20220917 11:47:59.556" endtime="20220917 11:47:59.621"/>
</kw>
<kw name="Click Element" library="SeleniumLibrary">
<arg>id:login-button</arg>
<doc>Click the element identified by ``locator``.</doc>
<msg timestamp="20220917 11:47:59.621" level="INFO">Clicking element 'id:login-button'.</msg>
<status status="PASS" starttime="20220917 11:47:59.621" endtime="20220917 11:47:59.689"/>
</kw>
<kw name="Close Browser" library="SeleniumLibrary">
<doc>Closes the current browser.</doc>
<status status="PASS" starttime="20220917 11:47:59.689" endtime="20220917 11:47:59.746"/>
</kw>
<status status="PASS" starttime="20220917 11:47:57.804" endtime="20220917 11:47:59.746"/>
</test>
<status status="PASS" starttime="20220917 11:47:57.698" endtime="20220917 11:47:59.747"/>
</suite>
<statistics>
<total>
<stat pass="1" fail="0" skip="0">All Tests</stat>
</total>
<tag>
</tag>
<suite>
<stat pass="1" fail="0" skip="0" id="s1" name="Login Test">Login Test</stat>
</suite>
</statistics>
<errors>
</errors>
</robot>
